<?xml version="1.0" encoding="UTF-8"?>
<testng-results ignored="0" total="1" passed="1" failed="0" skipped="0">
  <reporter-output>
  </reporter-output>
  <suite started-at="2018-05-25T04:25:10Z" name="Default suite" finished-at="2018-05-25T04:25:23Z" duration-ms="13327">
    <groups>
    </groups>
    <test started-at="2018-05-25T04:25:10Z" name="Default test" finished-at="2018-05-25T04:25:23Z" duration-ms="13327">
      <class name="sampleGitTest.SampleGitTest">
        <test-method signature="LoginTest()[pri:0, instance:sampleGitTest.SampleGitTest@56cdfb3b]" started-at="2018-05-25T04:25:10Z" name="LoginTest" finished-at="2018-05-25T04:25:23Z" duration-ms="13270" status="PASS">
          <reporter-output>
          </reporter-output>
        </test-method> <!-- LoginTest -->
      </class> <!-- sampleGitTest.SampleGitTest -->
    </test> <!-- Default test -->
  </suite> <!-- Default suite -->
</testng-results>
